2015-08-29 00:03:48,191 INFO  [org.springframework.web.context.ContextLoader] (localhost-startStop-1:) Root WebApplicationContext: initialization started
2015-08-29 00:03:48,252 INFO  [org.springframework.web.context.support.XmlWebApplicationContext] (localhost-startStop-1:) Refreshing Root WebApplicationContext: startup date [Sat Aug 29 00:03:48 SGT 2015]; root of context hierarchy
2015-08-29 00:03:48,280 INFO  [org.springframework.beans.factory.xml.XmlBeanDefinitionReader] (localhost-startStop-1:) Loading XML bean definitions from class path resource [META-INF/mailsy-delivery-channel.xml]
2015-08-29 00:03:49,225 INFO  [org.springframework.beans.factory.annotation.AutowiredAnnotationBeanPostProcessor] (localhost-startStop-1:) JSR-330 'javax.inject.Inject' annotation found and supported for autowiring
2015-08-29 00:03:50,064 INFO  [org.apache.camel.spring.SpringCamelContext] (localhost-startStop-1:) Apache Camel 2.15.2 (CamelContext: camel-1) is starting
2015-08-29 00:03:50,065 INFO  [org.apache.camel.management.ManagedManagementStrategy] (localhost-startStop-1:) JMX is enabled
2015-08-29 00:03:50,156 INFO  [org.apache.camel.impl.converter.DefaultTypeConverter] (localhost-startStop-1:) Loaded 186 type converters
2015-08-29 00:03:50,241 INFO  [org.apache.camel.spring.SpringCamelContext] (localhost-startStop-1:) AllowUseOriginalMessage is enabled. If access to the original message is not needed, then its recommended to turn this option off as it may improve performance.
2015-08-29 00:03:50,241 INFO  [org.apache.camel.spring.SpringCamelContext] (localhost-startStop-1:) StreamCaching is not in use. If using streams then its recommended to enable stream caching. See more details at http://camel.apache.org/stream-caching.html
2015-08-29 00:03:50,280 INFO  [org.apache.camel.component.jackson.JacksonDataFormat] (localhost-startStop-1:) Registering module: com.fasterxml.jackson.module.jaxb.JaxbAnnotationModule@18e83608
2015-08-29 00:03:50,483 INFO  [org.apache.camel.spring.SpringCamelContext] (localhost-startStop-1:) Route: route1 started and consuming from: Endpoint[activemq://queue:Q_PROCESSOR_TO_EMAILCHANNEL]
2015-08-29 00:03:50,483 INFO  [org.apache.camel.spring.SpringCamelContext] (localhost-startStop-1:) Total 1 routes, of which 1 is started.
2015-08-29 00:03:50,485 INFO  [org.apache.camel.spring.SpringCamelContext] (localhost-startStop-1:) Apache Camel 2.15.2 (CamelContext: camel-1) started in 0.420 seconds
2015-08-29 00:03:50,490 INFO  [org.springframework.web.context.ContextLoader] (localhost-startStop-1:) Root WebApplicationContext: initialization completed in 2298 ms
2015-08-29 01:10:13,359 INFO  [org.springframework.web.context.ContextLoader] (localhost-startStop-1:) Root WebApplicationContext: initialization started
2015-08-29 01:10:13,422 INFO  [org.springframework.web.context.support.XmlWebApplicationContext] (localhost-startStop-1:) Refreshing Root WebApplicationContext: startup date [Sat Aug 29 01:10:13 SGT 2015]; root of context hierarchy
2015-08-29 01:10:13,449 INFO  [org.springframework.beans.factory.xml.XmlBeanDefinitionReader] (localhost-startStop-1:) Loading XML bean definitions from class path resource [META-INF/mailsy-delivery-channel.xml]
2015-08-29 01:10:14,405 INFO  [org.springframework.beans.factory.annotation.AutowiredAnnotationBeanPostProcessor] (localhost-startStop-1:) JSR-330 'javax.inject.Inject' annotation found and supported for autowiring
2015-08-29 01:10:14,930 WARN  [org.springframework.web.context.support.XmlWebApplicationContext] (localhost-startStop-1:) Exception encountered during context initialization - cancelling refresh attempt
org.springframework.beans.factory.BeanCreationException: Error creating bean with name 'deliveryChannelRouter': Injection of autowired dependencies failed; nested exception is org.springframework.beans.factory.BeanCreationException: Could not autowire field: private com.equivi.channel.processor.MailgunSenderProcessor com.equivi.channel.processor.DeliveryChannelRouter.mailgunSenderProcessor; nested exception is org.springframework.beans.factory.BeanCreationException: Error creating bean with name 'mailgunSenderProcessor': Injection of autowired dependencies failed; nested exception is org.springframework.beans.factory.BeanCreationException: Could not autowire field: private com.equivi.channel.tracker.CampaignTrackerService com.equivi.channel.processor.MailgunSenderProcessor.campaignTrackerService; nested exception is org.springframework.beans.factory.BeanCreationException: Error creating bean with name 'campaignTrackerServiceImpl': Injection of resource dependencies failed; nested exception is org.springframework.beans.factory.NoSuchBeanDefinitionException: No qualifying bean of type [com.equivi.mailsy.data.dao.CampaignTrackerDao] found for dependency: expected at least 1 bean which qualifies as autowire candidate for this dependency. Dependency annotations: {@javax.annotation.Resource(mappedName=, shareable=true, description=, name=, type=class java.lang.Object, lookup=, authenticationType=CONTAINER)}
	at org.springframework.beans.factory.annotation.AutowiredAnnotationBeanPostProcessor.postProcessPropertyValues(AutowiredAnnotationBeanPostProcessor.java:334)
	at org.springframework.beans.factory.support.AbstractAutowireCapableBeanFactory.populateBean(AbstractAutowireCapableBeanFactory.java:1214)
	at org.springframework.beans.factory.support.AbstractAutowireCapableBeanFactory.doCreateBean(AbstractAutowireCapableBeanFactory.java:543)
	at org.springframework.beans.factory.support.AbstractAutowireCapableBeanFactory.createBean(AbstractAutowireCapableBeanFactory.java:482)
	at org.springframework.beans.factory.support.AbstractBeanFactory$1.getObject(AbstractBeanFactory.java:305)
	at org.springframework.beans.factory.support.DefaultSingletonBeanRegistry.getSingleton(DefaultSingletonBeanRegistry.java:230)
	at org.springframework.beans.factory.support.AbstractBeanFactory.doGetBean(AbstractBeanFactory.java:301)
	at org.springframework.beans.factory.support.AbstractBeanFactory.getBean(AbstractBeanFactory.java:196)
	at org.springframework.beans.factory.support.DefaultListableBeanFactory.preInstantiateSingletons(DefaultListableBeanFactory.java:772)
	at org.springframework.context.support.AbstractApplicationContext.finishBeanFactoryInitialization(AbstractApplicationContext.java:834)
	at org.springframework.context.support.AbstractApplicationContext.refresh(AbstractApplicationContext.java:537)
	at org.springframework.web.context.ContextLoader.configureAndRefreshWebApplicationContext(ContextLoader.java:446)
	at org.springframework.web.context.ContextLoader.initWebApplicationContext(ContextLoader.java:328)
	at org.springframework.web.context.ContextLoaderListener.contextInitialized(ContextLoaderListener.java:107)
	at org.apache.catalina.core.StandardContext.listenerStart(StandardContext.java:4939)
	at org.apache.catalina.core.StandardContext.startInternal(StandardContext.java:5434)
	at org.apache.catalina.util.LifecycleBase.start(LifecycleBase.java:150)
	at org.apache.catalina.core.ContainerBase$StartChild.call(ContainerBase.java:1559)
	at org.apache.catalina.core.ContainerBase$StartChild.call(ContainerBase.java:1549)
	at java.util.concurrent.FutureTask.run(FutureTask.java:262)
	at java.util.concurrent.ThreadPoolExecutor.runWorker(ThreadPoolExecutor.java:1145)
	at java.util.concurrent.ThreadPoolExecutor$Worker.run(ThreadPoolExecutor.java:615)
	at java.lang.Thread.run(Thread.java:745)
Caused by: org.springframework.beans.factory.BeanCreationException: Could not autowire field: private com.equivi.channel.processor.MailgunSenderProcessor com.equivi.channel.processor.DeliveryChannelRouter.mailgunSenderProcessor; nested exception is org.springframework.beans.factory.BeanCreationException: Error creating bean with name 'mailgunSenderProcessor': Injection of autowired dependencies failed; nested exception is org.springframework.beans.factory.BeanCreationException: Could not autowire field: private com.equivi.channel.tracker.CampaignTrackerService com.equivi.channel.processor.MailgunSenderProcessor.campaignTrackerService; nested exception is org.springframework.beans.factory.BeanCreationException: Error creating bean with name 'campaignTrackerServiceImpl': Injection of resource dependencies failed; nested exception is org.springframework.beans.factory.NoSuchBeanDefinitionException: No qualifying bean of type [com.equivi.mailsy.data.dao.CampaignTrackerDao] found for dependency: expected at least 1 bean which qualifies as autowire candidate for this dependency. Dependency annotations: {@javax.annotation.Resource(mappedName=, shareable=true, description=, name=, type=class java.lang.Object, lookup=, authenticationType=CONTAINER)}
	at org.springframework.beans.factory.annotation.AutowiredAnnotationBeanPostProcessor$AutowiredFieldElement.inject(AutowiredAnnotationBeanPostProcessor.java:571)
	at org.springframework.beans.factory.annotation.InjectionMetadata.inject(InjectionMetadata.java:88)
	at org.springframework.beans.factory.annotation.AutowiredAnnotationBeanPostProcessor.postProcessPropertyValues(AutowiredAnnotationBeanPostProcessor.java:331)
	... 22 more
Caused by: org.springframework.beans.factory.BeanCreationException: Error creating bean with name 'mailgunSenderProcessor': Injection of autowired dependencies failed; nested exception is org.springframework.beans.factory.BeanCreationException: Could not autowire field: private com.equivi.channel.tracker.CampaignTrackerService com.equivi.channel.processor.MailgunSenderProcessor.campaignTrackerService; nested exception is org.springframework.beans.factory.BeanCreationException: Error creating bean with name 'campaignTrackerServiceImpl': Injection of resource dependencies failed; nested exception is org.springframework.beans.factory.NoSuchBeanDefinitionException: No qualifying bean of type [com.equivi.mailsy.data.dao.CampaignTrackerDao] found for dependency: expected at least 1 bean which qualifies as autowire candidate for this dependency. Dependency annotations: {@javax.annotation.Resource(mappedName=, shareable=true, description=, name=, type=class java.lang.Object, lookup=, authenticationType=CONTAINER)}
	at org.springframework.beans.factory.annotation.AutowiredAnnotationBeanPostProcessor.postProcessPropertyValues(AutowiredAnnotationBeanPostProcessor.java:334)
	at org.springframework.beans.factory.support.AbstractAutowireCapableBeanFactory.populateBean(AbstractAutowireCapableBeanFactory.java:1214)
	at org.springframework.beans.factory.support.AbstractAutowireCapableBeanFactory.doCreateBean(AbstractAutowireCapableBeanFactory.java:543)
	at org.springframework.beans.factory.support.AbstractAutowireCapableBeanFactory.createBean(AbstractAutowireCapableBeanFactory.java:482)
	at org.springframework.beans.factory.support.AbstractBeanFactory$1.getObject(AbstractBeanFactory.java:305)
	at org.springframework.beans.factory.support.DefaultSingletonBeanRegistry.getSingleton(DefaultSingletonBeanRegistry.java:230)
	at org.springframework.beans.factory.support.AbstractBeanFactory.doGetBean(AbstractBeanFactory.java:301)
	at org.springframework.beans.factory.support.AbstractBeanFactory.getBean(AbstractBeanFactory.java:196)
	at org.springframework.beans.factory.support.DefaultListableBeanFactory.findAutowireCandidates(DefaultListableBeanFactory.java:1145)
	at org.springframework.beans.factory.support.DefaultListableBeanFactory.doResolveDependency(DefaultListableBeanFactory.java:1069)
	at org.springframework.beans.factory.support.DefaultListableBeanFactory.resolveDependency(DefaultListableBeanFactory.java:967)
	at org.springframework.beans.factory.annotation.AutowiredAnnotationBeanPostProcessor$AutowiredFieldElement.inject(AutowiredAnnotationBeanPostProcessor.java:543)
	... 24 more
Caused by: org.springframework.beans.factory.BeanCreationException: Could not autowire field: private com.equivi.channel.tracker.CampaignTrackerService com.equivi.channel.processor.MailgunSenderProcessor.campaignTrackerService; nested exception is org.springframework.beans.factory.BeanCreationException: Error creating bean with name 'campaignTrackerServiceImpl': Injection of resource dependencies failed; nested exception is org.springframework.beans.factory.NoSuchBeanDefinitionException: No qualifying bean of type [com.equivi.mailsy.data.dao.CampaignTrackerDao] found for dependency: expected at least 1 bean which qualifies as autowire candidate for this dependency. Dependency annotations: {@javax.annotation.Resource(mappedName=, shareable=true, description=, name=, type=class java.lang.Object, lookup=, authenticationType=CONTAINER)}
	at org.springframework.beans.factory.annotation.AutowiredAnnotationBeanPostProcessor$AutowiredFieldElement.inject(AutowiredAnnotationBeanPostProcessor.java:571)
	at org.springframework.beans.factory.annotation.InjectionMetadata.inject(InjectionMetadata.java:88)
	at org.springframework.beans.factory.annotation.AutowiredAnnotationBeanPostProcessor.postProcessPropertyValues(AutowiredAnnotationBeanPostProcessor.java:331)
	... 35 more
Caused by: org.springframework.beans.factory.BeanCreationException: Error creating bean with name 'campaignTrackerServiceImpl': Injection of resource dependencies failed; nested exception is org.springframework.beans.factory.NoSuchBeanDefinitionException: No qualifying bean of type [com.equivi.mailsy.data.dao.CampaignTrackerDao] found for dependency: expected at least 1 bean which qualifies as autowire candidate for this dependency. Dependency annotations: {@javax.annotation.Resource(mappedName=, shareable=true, description=, name=, type=class java.lang.Object, lookup=, authenticationType=CONTAINER)}
	at org.springframework.context.annotation.CommonAnnotationBeanPostProcessor.postProcessPropertyValues(CommonAnnotationBeanPostProcessor.java:311)
	at org.springframework.beans.factory.support.AbstractAutowireCapableBeanFactory.populateBean(AbstractAutowireCapableBeanFactory.java:1214)
	at org.springframework.beans.factory.support.AbstractAutowireCapableBeanFactory.doCreateBean(AbstractAutowireCapableBeanFactory.java:543)
	at org.springframework.beans.factory.support.AbstractAutowireCapableBeanFactory.createBean(AbstractAutowireCapableBeanFactory.java:482)
	at org.springframework.beans.factory.support.AbstractBeanFactory$1.getObject(AbstractBeanFactory.java:305)
	at org.springframework.beans.factory.support.DefaultSingletonBeanRegistry.getSingleton(DefaultSingletonBeanRegistry.java:230)
	at org.springframework.beans.factory.support.AbstractBeanFactory.doGetBean(AbstractBeanFactory.java:301)
	at org.springframework.beans.factory.support.AbstractBeanFactory.getBean(AbstractBeanFactory.java:196)
	at org.springframework.beans.factory.support.DefaultListableBeanFactory.findAutowireCandidates(DefaultListableBeanFactory.java:1145)
	at org.springframework.beans.factory.support.DefaultListableBeanFactory.doResolveDependency(DefaultListableBeanFactory.java:1069)
	at org.springframework.beans.factory.support.DefaultListableBeanFactory.resolveDependency(DefaultListableBeanFactory.java:967)
	at org.springframework.beans.factory.annotation.AutowiredAnnotationBeanPostProcessor$AutowiredFieldElement.inject(AutowiredAnnotationBeanPostProcessor.java:543)
	... 37 more
Caused by: org.springframework.beans.factory.NoSuchBeanDefinitionException: No qualifying bean of type [com.equivi.mailsy.data.dao.CampaignTrackerDao] found for dependency: expected at least 1 bean which qualifies as autowire candidate for this dependency. Dependency annotations: {@javax.annotation.Resource(mappedName=, shareable=true, description=, name=, type=class java.lang.Object, lookup=, authenticationType=CONTAINER)}
	at org.springframework.beans.factory.support.DefaultListableBeanFactory.raiseNoSuchBeanDefinitionException(DefaultListableBeanFactory.java:1326)
	at org.springframework.beans.factory.support.DefaultListableBeanFactory.doResolveDependency(DefaultListableBeanFactory.java:1072)
	at org.springframework.beans.factory.support.DefaultListableBeanFactory.resolveDependency(DefaultListableBeanFactory.java:967)
	at org.springframework.context.annotation.CommonAnnotationBeanPostProcessor.autowireResource(CommonAnnotationBeanPostProcessor.java:508)
	at org.springframework.context.annotation.CommonAnnotationBeanPostProcessor.getResource(CommonAnnotationBeanPostProcessor.java:486)
	at org.springframework.context.annotation.CommonAnnotationBeanPostProcessor$ResourceElement.getResourceToInject(CommonAnnotationBeanPostProcessor.java:615)
	at org.springframework.beans.factory.annotation.InjectionMetadata$InjectedElement.inject(InjectionMetadata.java:169)
	at org.springframework.beans.factory.annotation.InjectionMetadata.inject(InjectionMetadata.java:88)
	at org.springframework.context.annotation.CommonAnnotationBeanPostProcessor.postProcessPropertyValues(CommonAnnotationBeanPostProcessor.java:308)
	... 48 more
2015-08-29 01:10:14,942 ERROR [org.springframework.web.context.ContextLoader] (localhost-startStop-1:) Context initialization failed
org.springframework.beans.factory.BeanCreationException: Error creating bean with name 'deliveryChannelRouter': Injection of autowired dependencies failed; nested exception is org.springframework.beans.factory.BeanCreationException: Could not autowire field: private com.equivi.channel.processor.MailgunSenderProcessor com.equivi.channel.processor.DeliveryChannelRouter.mailgunSenderProcessor; nested exception is org.springframework.beans.factory.BeanCreationException: Error creating bean with name 'mailgunSenderProcessor': Injection of autowired dependencies failed; nested exception is org.springframework.beans.factory.BeanCreationException: Could not autowire field: private com.equivi.channel.tracker.CampaignTrackerService com.equivi.channel.processor.MailgunSenderProcessor.campaignTrackerService; nested exception is org.springframework.beans.factory.BeanCreationException: Error creating bean with name 'campaignTrackerServiceImpl': Injection of resource dependencies failed; nested exception is org.springframework.beans.factory.NoSuchBeanDefinitionException: No qualifying bean of type [com.equivi.mailsy.data.dao.CampaignTrackerDao] found for dependency: expected at least 1 bean which qualifies as autowire candidate for this dependency. Dependency annotations: {@javax.annotation.Resource(mappedName=, shareable=true, description=, name=, type=class java.lang.Object, lookup=, authenticationType=CONTAINER)}
	at org.springframework.beans.factory.annotation.AutowiredAnnotationBeanPostProcessor.postProcessPropertyValues(AutowiredAnnotationBeanPostProcessor.java:334)
	at org.springframework.beans.factory.support.AbstractAutowireCapableBeanFactory.populateBean(AbstractAutowireCapableBeanFactory.java:1214)
	at org.springframework.beans.factory.support.AbstractAutowireCapableBeanFactory.doCreateBean(AbstractAutowireCapableBeanFactory.java:543)
	at org.springframework.beans.factory.support.AbstractAutowireCapableBeanFactory.createBean(AbstractAutowireCapableBeanFactory.java:482)
	at org.springframework.beans.factory.support.AbstractBeanFactory$1.getObject(AbstractBeanFactory.java:305)
	at org.springframework.beans.factory.support.DefaultSingletonBeanRegistry.getSingleton(DefaultSingletonBeanRegistry.java:230)
	at org.springframework.beans.factory.support.AbstractBeanFactory.doGetBean(AbstractBeanFactory.java:301)
	at org.springframework.beans.factory.support.AbstractBeanFactory.getBean(AbstractBeanFactory.java:196)
	at org.springframework.beans.factory.support.DefaultListableBeanFactory.preInstantiateSingletons(DefaultListableBeanFactory.java:772)
	at org.springframework.context.support.AbstractApplicationContext.finishBeanFactoryInitialization(AbstractApplicationContext.java:834)
	at org.springframework.context.support.AbstractApplicationContext.refresh(AbstractApplicationContext.java:537)
	at org.springframework.web.context.ContextLoader.configureAndRefreshWebApplicationContext(ContextLoader.java:446)
	at org.springframework.web.context.ContextLoader.initWebApplicationContext(ContextLoader.java:328)
	at org.springframework.web.context.ContextLoaderListener.contextInitialized(ContextLoaderListener.java:107)
	at org.apache.catalina.core.StandardContext.listenerStart(StandardContext.java:4939)
	at org.apache.catalina.core.StandardContext.startInternal(StandardContext.java:5434)
	at org.apache.catalina.util.LifecycleBase.start(LifecycleBase.java:150)
	at org.apache.catalina.core.ContainerBase$StartChild.call(ContainerBase.java:1559)
	at org.apache.catalina.core.ContainerBase$StartChild.call(ContainerBase.java:1549)
	at java.util.concurrent.FutureTask.run(FutureTask.java:262)
	at java.util.concurrent.ThreadPoolExecutor.runWorker(ThreadPoolExecutor.java:1145)
	at java.util.concurrent.ThreadPoolExecutor$Worker.run(ThreadPoolExecutor.java:615)
	at java.lang.Thread.run(Thread.java:745)
Caused by: org.springframework.beans.factory.BeanCreationException: Could not autowire field: private com.equivi.channel.processor.MailgunSenderProcessor com.equivi.channel.processor.DeliveryChannelRouter.mailgunSenderProcessor; nested exception is org.springframework.beans.factory.BeanCreationException: Error creating bean with name 'mailgunSenderProcessor': Injection of autowired dependencies failed; nested exception is org.springframework.beans.factory.BeanCreationException: Could not autowire field: private com.equivi.channel.tracker.CampaignTrackerService com.equivi.channel.processor.MailgunSenderProcessor.campaignTrackerService; nested exception is org.springframework.beans.factory.BeanCreationException: Error creating bean with name 'campaignTrackerServiceImpl': Injection of resource dependencies failed; nested exception is org.springframework.beans.factory.NoSuchBeanDefinitionException: No qualifying bean of type [com.equivi.mailsy.data.dao.CampaignTrackerDao] found for dependency: expected at least 1 bean which qualifies as autowire candidate for this dependency. Dependency annotations: {@javax.annotation.Resource(mappedName=, shareable=true, description=, name=, type=class java.lang.Object, lookup=, authenticationType=CONTAINER)}
	at org.springframework.beans.factory.annotation.AutowiredAnnotationBeanPostProcessor$AutowiredFieldElement.inject(AutowiredAnnotationBeanPostProcessor.java:571)
	at org.springframework.beans.factory.annotation.InjectionMetadata.inject(InjectionMetadata.java:88)
	at org.springframework.beans.factory.annotation.AutowiredAnnotationBeanPostProcessor.postProcessPropertyValues(AutowiredAnnotationBeanPostProcessor.java:331)
	... 22 more
Caused by: org.springframework.beans.factory.BeanCreationException: Error creating bean with name 'mailgunSenderProcessor': Injection of autowired dependencies failed; nested exception is org.springframework.beans.factory.BeanCreationException: Could not autowire field: private com.equivi.channel.tracker.CampaignTrackerService com.equivi.channel.processor.MailgunSenderProcessor.campaignTrackerService; nested exception is org.springframework.beans.factory.BeanCreationException: Error creating bean with name 'campaignTrackerServiceImpl': Injection of resource dependencies failed; nested exception is org.springframework.beans.factory.NoSuchBeanDefinitionException: No qualifying bean of type [com.equivi.mailsy.data.dao.CampaignTrackerDao] found for dependency: expected at least 1 bean which qualifies as autowire candidate for this dependency. Dependency annotations: {@javax.annotation.Resource(mappedName=, shareable=true, description=, name=, type=class java.lang.Object, lookup=, authenticationType=CONTAINER)}
	at org.springframework.beans.factory.annotation.AutowiredAnnotationBeanPostProcessor.postProcessPropertyValues(AutowiredAnnotationBeanPostProcessor.java:334)
	at org.springframework.beans.factory.support.AbstractAutowireCapableBeanFactory.populateBean(AbstractAutowireCapableBeanFactory.java:1214)
	at org.springframework.beans.factory.support.AbstractAutowireCapableBeanFactory.doCreateBean(AbstractAutowireCapableBeanFactory.java:543)
	at org.springframework.beans.factory.support.AbstractAutowireCapableBeanFactory.createBean(AbstractAutowireCapableBeanFactory.java:482)
	at org.springframework.beans.factory.support.AbstractBeanFactory$1.getObject(AbstractBeanFactory.java:305)
	at org.springframework.beans.factory.support.DefaultSingletonBeanRegistry.getSingleton(DefaultSingletonBeanRegistry.java:230)
	at org.springframework.beans.factory.support.AbstractBeanFactory.doGetBean(AbstractBeanFactory.java:301)
	at org.springframework.beans.factory.support.AbstractBeanFactory.getBean(AbstractBeanFactory.java:196)
	at org.springframework.beans.factory.support.DefaultListableBeanFactory.findAutowireCandidates(DefaultListableBeanFactory.java:1145)
	at org.springframework.beans.factory.support.DefaultListableBeanFactory.doResolveDependency(DefaultListableBeanFactory.java:1069)
	at org.springframework.beans.factory.support.DefaultListableBeanFactory.resolveDependency(DefaultListableBeanFactory.java:967)
	at org.springframework.beans.factory.annotation.AutowiredAnnotationBeanPostProcessor$AutowiredFieldElement.inject(AutowiredAnnotationBeanPostProcessor.java:543)
	... 24 more
Caused by: org.springframework.beans.factory.BeanCreationException: Could not autowire field: private com.equivi.channel.tracker.CampaignTrackerService com.equivi.channel.processor.MailgunSenderProcessor.campaignTrackerService; nested exception is org.springframework.beans.factory.BeanCreationException: Error creating bean with name 'campaignTrackerServiceImpl': Injection of resource dependencies failed; nested exception is org.springframework.beans.factory.NoSuchBeanDefinitionException: No qualifying bean of type [com.equivi.mailsy.data.dao.CampaignTrackerDao] found for dependency: expected at least 1 bean which qualifies as autowire candidate for this dependency. Dependency annotations: {@javax.annotation.Resource(mappedName=, shareable=true, description=, name=, type=class java.lang.Object, lookup=, authenticationType=CONTAINER)}
	at org.springframework.beans.factory.annotation.AutowiredAnnotationBeanPostProcessor$AutowiredFieldElement.inject(AutowiredAnnotationBeanPostProcessor.java:571)
	at org.springframework.beans.factory.annotation.InjectionMetadata.inject(InjectionMetadata.java:88)
	at org.springframework.beans.factory.annotation.AutowiredAnnotationBeanPostProcessor.postProcessPropertyValues(AutowiredAnnotationBeanPostProcessor.java:331)
	... 35 more
Caused by: org.springframework.beans.factory.BeanCreationException: Error creating bean with name 'campaignTrackerServiceImpl': Injection of resource dependencies failed; nested exception is org.springframework.beans.factory.NoSuchBeanDefinitionException: No qualifying bean of type [com.equivi.mailsy.data.dao.CampaignTrackerDao] found for dependency: expected at least 1 bean which qualifies as autowire candidate for this dependency. Dependency annotations: {@javax.annotation.Resource(mappedName=, shareable=true, description=, name=, type=class java.lang.Object, lookup=, authenticationType=CONTAINER)}
	at org.springframework.context.annotation.CommonAnnotationBeanPostProcessor.postProcessPropertyValues(CommonAnnotationBeanPostProcessor.java:311)
	at org.springframework.beans.factory.support.AbstractAutowireCapableBeanFactory.populateBean(AbstractAutowireCapableBeanFactory.java:1214)
	at org.springframework.beans.factory.support.AbstractAutowireCapableBeanFactory.doCreateBean(AbstractAutowireCapableBeanFactory.java:543)
	at org.springframework.beans.factory.support.AbstractAutowireCapableBeanFactory.createBean(AbstractAutowireCapableBeanFactory.java:482)
	at org.springframework.beans.factory.support.AbstractBeanFactory$1.getObject(AbstractBeanFactory.java:305)
	at org.springframework.beans.factory.support.DefaultSingletonBeanRegistry.getSingleton(DefaultSingletonBeanRegistry.java:230)
	at org.springframework.beans.factory.support.AbstractBeanFactory.doGetBean(AbstractBeanFactory.java:301)
	at org.springframework.beans.factory.support.AbstractBeanFactory.getBean(AbstractBeanFactory.java:196)
	at org.springframework.beans.factory.support.DefaultListableBeanFactory.findAutowireCandidates(DefaultListableBeanFactory.java:1145)
	at org.springframework.beans.factory.support.DefaultListableBeanFactory.doResolveDependency(DefaultListableBeanFactory.java:1069)
	at org.springframework.beans.factory.support.DefaultListableBeanFactory.resolveDependency(DefaultListableBeanFactory.java:967)
	at org.springframework.beans.factory.annotation.AutowiredAnnotationBeanPostProcessor$AutowiredFieldElement.inject(AutowiredAnnotationBeanPostProcessor.java:543)
	... 37 more
Caused by: org.springframework.beans.factory.NoSuchBeanDefinitionException: No qualifying bean of type [com.equivi.mailsy.data.dao.CampaignTrackerDao] found for dependency: expected at least 1 bean which qualifies as autowire candidate for this dependency. Dependency annotations: {@javax.annotation.Resource(mappedName=, shareable=true, description=, name=, type=class java.lang.Object, lookup=, authenticationType=CONTAINER)}
	at org.springframework.beans.factory.support.DefaultListableBeanFactory.raiseNoSuchBeanDefinitionException(DefaultListableBeanFactory.java:1326)
	at org.springframework.beans.factory.support.DefaultListableBeanFactory.doResolveDependency(DefaultListableBeanFactory.java:1072)
	at org.springframework.beans.factory.support.DefaultListableBeanFactory.resolveDependency(DefaultListableBeanFactory.java:967)
	at org.springframework.context.annotation.CommonAnnotationBeanPostProcessor.autowireResource(CommonAnnotationBeanPostProcessor.java:508)
	at org.springframework.context.annotation.CommonAnnotationBeanPostProcessor.getResource(CommonAnnotationBeanPostProcessor.java:486)
	at org.springframework.context.annotation.CommonAnnotationBeanPostProcessor$ResourceElement.getResourceToInject(CommonAnnotationBeanPostProcessor.java:615)
	at org.springframework.beans.factory.annotation.InjectionMetadata$InjectedElement.inject(InjectionMetadata.java:169)
	at org.springframework.beans.factory.annotation.InjectionMetadata.inject(InjectionMetadata.java:88)
	at org.springframework.context.annotation.CommonAnnotationBeanPostProcessor.postProcessPropertyValues(CommonAnnotationBeanPostProcessor.java:308)
	... 48 more
2015-08-29 01:10:54,077 INFO  [org.springframework.web.context.ContextLoader] (localhost-startStop-1:) Root WebApplicationContext: initialization started
2015-08-29 01:10:54,137 INFO  [org.springframework.web.context.support.XmlWebApplicationContext] (localhost-startStop-1:) Refreshing Root WebApplicationContext: startup date [Sat Aug 29 01:10:54 SGT 2015]; root of context hierarchy
2015-08-29 01:10:54,166 INFO  [org.springframework.beans.factory.xml.XmlBeanDefinitionReader] (localhost-startStop-1:) Loading XML bean definitions from class path resource [META-INF/mailsy-delivery-channel.xml]
2015-08-29 01:10:54,369 INFO  [org.springframework.beans.factory.xml.XmlBeanDefinitionReader] (localhost-startStop-1:) Loading XML bean definitions from class path resource [META-INF/mailsy-web-data-access.xml]
2015-08-29 01:10:55,318 INFO  [org.springframework.beans.factory.config.PropertyPlaceholderConfigurer] (localhost-startStop-1:) Loading properties file from URL [file:/opt/demailer/conf/demailer_web_db.properties]
2015-08-29 01:10:55,319 INFO  [org.springframework.beans.factory.config.PropertyPlaceholderConfigurer] (localhost-startStop-1:) Loading properties file from URL [file:/opt/demailer/conf/email_setup.properties]
2015-08-29 01:10:55,326 INFO  [org.springframework.beans.factory.annotation.AutowiredAnnotationBeanPostProcessor] (localhost-startStop-1:) JSR-330 'javax.inject.Inject' annotation found and supported for autowiring
2015-08-29 01:10:55,368 INFO  [org.springframework.jdbc.datasource.DriverManagerDataSource] (localhost-startStop-1:) Loaded JDBC driver: com.mysql.jdbc.Driver
2015-08-29 01:10:55,415 INFO  [org.springframework.orm.jpa.LocalContainerEntityManagerFactoryBean] (localhost-startStop-1:) Building JPA container EntityManagerFactory for persistence unit 'default'
2015-08-29 01:10:55,436 INFO  [org.hibernate.jpa.internal.util.LogHelper] (localhost-startStop-1:) HHH000204: Processing PersistenceUnitInfo [
	name: default
	...]
2015-08-29 01:10:55,502 INFO  [org.hibernate.Version] (localhost-startStop-1:) HHH000412: Hibernate Core {4.3.10.Final}
2015-08-29 01:10:55,504 INFO  [org.hibernate.cfg.Environment] (localhost-startStop-1:) HHH000206: hibernate.properties not found
2015-08-29 01:10:55,505 INFO  [org.hibernate.cfg.Environment] (localhost-startStop-1:) HHH000021: Bytecode provider name : javassist
2015-08-29 01:10:55,690 INFO  [org.hibernate.annotations.common.Version] (localhost-startStop-1:) HCANN000001: Hibernate Commons Annotations {4.0.5.Final}
2015-08-29 01:10:55,891 INFO  [org.hibernate.dialect.Dialect] (localhost-startStop-1:) HHH000400: Using dialect: org.hibernate.dialect.MySQLDialect
2015-08-29 01:10:56,073 INFO  [org.hibernate.hql.internal.ast.ASTQueryTranslatorFactory] (localhost-startStop-1:) HHH000397: Using ASTQueryTranslatorFactory
2015-08-29 01:10:56,107 INFO  [org.hibernate.validator.util.Version] (localhost-startStop-1:) Hibernate Validator 4.2.0.Final
2015-08-29 01:10:56,454 INFO  [org.hibernate.tool.hbm2ddl.SchemaUpdate] (localhost-startStop-1:) HHH000228: Running hbm2ddl schema update
2015-08-29 01:10:56,454 INFO  [org.hibernate.tool.hbm2ddl.SchemaUpdate] (localhost-startStop-1:) HHH000102: Fetching database metadata
2015-08-29 01:10:56,460 INFO  [org.hibernate.tool.hbm2ddl.SchemaUpdate] (localhost-startStop-1:) HHH000396: Updating schema
2015-08-29 01:10:56,476 INFO  [org.hibernate.tool.hbm2ddl.TableMetadata] (localhost-startStop-1:) HHH000261: Table found: mailsy_db.cm01_campaign
2015-08-29 01:10:56,476 INFO  [org.hibernate.tool.hbm2ddl.TableMetadata] (localhost-startStop-1:) HHH000037: Columns: [created_by, id, last_updated_by, last_updated_date_time, scheduled_send_date, campaign_name, email_content, email_subject, campaign_status, created_date_time, campaign_uuid, email_from, version]
2015-08-29 01:10:56,476 INFO  [org.hibernate.tool.hbm2ddl.TableMetadata] (localhost-startStop-1:) HHH000108: Foreign keys: []
2015-08-29 01:10:56,476 INFO  [org.hibernate.tool.hbm2ddl.TableMetadata] (localhost-startStop-1:) HHH000126: Indexes: [primary]
2015-08-29 01:10:56,483 INFO  [org.hibernate.tool.hbm2ddl.TableMetadata] (localhost-startStop-1:) HHH000261: Table found: mailsy_db.cm02_campaign_tracker
2015-08-29 01:10:56,483 INFO  [org.hibernate.tool.hbm2ddl.TableMetadata] (localhost-startStop-1:) HHH000037: Columns: [client_os, campaign_mailer_message_id, last_updated_date_time, open_date, client_user_agent, clicked_date, clicked, recipient, geo_location_city, client_device_type, version, id, last_updated_by, unsubscribed, bounced_date, client_device_name, client_type, geo_location_region, created_date_time, deliver_date, unsubscribed_date, opened, created_by, geo_location_country, delivered, campaign_id, bounced]
2015-08-29 01:10:56,484 INFO  [org.hibernate.tool.hbm2ddl.TableMetadata] (localhost-startStop-1:) HHH000108: Foreign keys: []
2015-08-29 01:10:56,484 INFO  [org.hibernate.tool.hbm2ddl.TableMetadata] (localhost-startStop-1:) HHH000126: Indexes: [primary]
2015-08-29 01:10:56,490 INFO  [org.hibernate.tool.hbm2ddl.TableMetadata] (localhost-startStop-1:) HHH000261: Table found: mailsy_db.cm03_campaign_subscriber_group
2015-08-29 01:10:56,490 INFO  [org.hibernate.tool.hbm2ddl.TableMetadata] (localhost-startStop-1:) HHH000037: Columns: [created_by, id, last_updated_by, last_updated_date_time, subscriber_group_id, created_date_time, campaign_id, version]
2015-08-29 01:10:56,490 INFO  [org.hibernate.tool.hbm2ddl.TableMetadata] (localhost-startStop-1:) HHH000108: Foreign keys: [fk_1nsovnhhedcvap0w38qy1889l, fk_hfwu5l6tt6rwahhquam8lpsx5]
2015-08-29 01:10:56,490 INFO  [org.hibernate.tool.hbm2ddl.TableMetadata] (localhost-startStop-1:) HHH000126: Indexes: [fk_1nsovnhhedcvap0w38qy1889l, primary, fk_hfwu5l6tt6rwahhquam8lpsx5]
2015-08-29 01:10:56,495 INFO  [org.hibernate.tool.hbm2ddl.TableMetadata] (localhost-startStop-1:) HHH000261: Table found: mailsy_db.config01_system_state
2015-08-29 01:10:56,495 INFO  [org.hibernate.tool.hbm2ddl.TableMetadata] (localhost-startStop-1:) HHH000037: Columns: [created_by, id, state_value, last_updated_by, last_updated_date_time, created_date_time, state_name, version]
2015-08-29 01:10:56,495 INFO  [org.hibernate.tool.hbm2ddl.TableMetadata] (localhost-startStop-1:) HHH000108: Foreign keys: []
2015-08-29 01:10:56,495 INFO  [org.hibernate.tool.hbm2ddl.TableMetadata] (localhost-startStop-1:) HHH000126: Indexes: [primary]
2015-08-29 01:10:56,500 INFO  [org.hibernate.tool.hbm2ddl.TableMetadata] (localhost-startStop-1:) HHH000261: Table found: mailsy_db.q01_quota
2015-08-29 01:10:56,500 INFO  [org.hibernate.tool.hbm2ddl.TableMetadata] (localhost-startStop-1:) HHH000037: Columns: [created_by, id, last_updated_by, current_emails_sent, last_updated_date_time, email_sending_quota, current_emails_verified, created_date_time, email_verify_quota, version]
2015-08-29 01:10:56,501 INFO  [org.hibernate.tool.hbm2ddl.TableMetadata] (localhost-startStop-1:) HHH000108: Foreign keys: []
2015-08-29 01:10:56,501 INFO  [org.hibernate.tool.hbm2ddl.TableMetadata] (localhost-startStop-1:) HHH000126: Indexes: [primary]
2015-08-29 01:10:56,507 INFO  [org.hibernate.tool.hbm2ddl.TableMetadata] (localhost-startStop-1:) HHH000261: Table found: mailsy_db.qcm01_campaign_queue_mailer
2015-08-29 01:10:56,507 INFO  [org.hibernate.tool.hbm2ddl.TableMetadata] (localhost-startStop-1:) HHH000037: Columns: [created_by, last_updated_date_time, subject, campaign_id, mail_delivery_status, recipient, version, queue_processed, id, content, last_updated_by, scheduled_send_date, created_date_time, email_from]
2015-08-29 01:10:56,507 INFO  [org.hibernate.tool.hbm2ddl.TableMetadata] (localhost-startStop-1:) HHH000108: Foreign keys: []
2015-08-29 01:10:56,507 INFO  [org.hibernate.tool.hbm2ddl.TableMetadata] (localhost-startStop-1:) HHH000126: Indexes: [primary]
2015-08-29 01:10:56,512 INFO  [org.hibernate.tool.hbm2ddl.TableMetadata] (localhost-startStop-1:) HHH000261: Table found: mailsy_db.t01_tracker
2015-08-29 01:10:56,512 INFO  [org.hibernate.tool.hbm2ddl.TableMetadata] (localhost-startStop-1:) HHH000037: Columns: [created_by, id, email_verifier_counter, last_updated_by, last_updated_date_time, created_date_time, email_send_counter, version]
2015-08-29 01:10:56,512 INFO  [org.hibernate.tool.hbm2ddl.TableMetadata] (localhost-startStop-1:) HHH000108: Foreign keys: []
2015-08-29 01:10:56,512 INFO  [org.hibernate.tool.hbm2ddl.TableMetadata] (localhost-startStop-1:) HHH000126: Indexes: [primary]
2015-08-29 01:10:56,516 INFO  [org.hibernate.tool.hbm2ddl.TableMetadata] (localhost-startStop-1:) HHH000261: Table found: mailsy_db.ts01_subscriber_group
2015-08-29 01:10:56,517 INFO  [org.hibernate.tool.hbm2ddl.TableMetadata] (localhost-startStop-1:) HHH000037: Columns: [created_by, group_name, id, last_updated_by, last_updated_date_time, status, created_date_time, version]
2015-08-29 01:10:56,517 INFO  [org.hibernate.tool.hbm2ddl.TableMetadata] (localhost-startStop-1:) HHH000108: Foreign keys: []
2015-08-29 01:10:56,517 INFO  [org.hibernate.tool.hbm2ddl.TableMetadata] (localhost-startStop-1:) HHH000126: Indexes: [primary]
2015-08-29 01:10:56,522 INFO  [org.hibernate.tool.hbm2ddl.TableMetadata] (localhost-startStop-1:) HHH000261: Table found: mailsy_db.ts02_subscriber
2015-08-29 01:10:56,522 INFO  [org.hibernate.tool.hbm2ddl.TableMetadata] (localhost-startStop-1:) HHH000037: Columns: [created_by, facebook_account, phone, zip_code, last_updated_date_time, address1, subscriber_status, address2, address3, country, city, version, id, first_name, last_updated_by, company_name, last_name, domain_name, created_date_time, path_account, twitter_account, email_address]
2015-08-29 01:10:56,523 INFO  [org.hibernate.tool.hbm2ddl.TableMetadata] (localhost-startStop-1:) HHH000108: Foreign keys: []
2015-08-29 01:10:56,523 INFO  [org.hibernate.tool.hbm2ddl.TableMetadata] (localhost-startStop-1:) HHH000126: Indexes: [primary]
2015-08-29 01:10:56,527 INFO  [org.hibernate.tool.hbm2ddl.TableMetadata] (localhost-startStop-1:) HHH000261: Table found: mailsy_db.ts03_subscriber_contact
2015-08-29 01:10:56,528 INFO  [org.hibernate.tool.hbm2ddl.TableMetadata] (localhost-startStop-1:) HHH000037: Columns: [created_by, subscribe_id, id, last_updated_by, last_updated_date_time, subscribe_group_id, created_date_time, version]
2015-08-29 01:10:56,528 INFO  [org.hibernate.tool.hbm2ddl.TableMetadata] (localhost-startStop-1:) HHH000108: Foreign keys: [fk_o6nbabiatb9hv9r3efkruooe, fk_awnbe4burti6pqjtrsm68gb]
2015-08-29 01:10:56,528 INFO  [org.hibernate.tool.hbm2ddl.TableMetadata] (localhost-startStop-1:) HHH000126: Indexes: [primary, fk_o6nbabiatb9hv9r3efkruooe, fk_awnbe4burti6pqjtrsm68gb]
2015-08-29 01:10:56,533 INFO  [org.hibernate.tool.hbm2ddl.TableMetadata] (localhost-startStop-1:) HHH000261: Table found: mailsy_db.usr01_user
2015-08-29 01:10:56,533 INFO  [org.hibernate.tool.hbm2ddl.TableMetadata] (localhost-startStop-1:) HHH000037: Columns: [created_by, failed_login_counter, last_updated_date_time, reset_password_required, user_status, password, version, id, user_name, first_name, last_updated_by, user_role, phone_no, last_name, created_date_time]
2015-08-29 01:10:56,533 INFO  [org.hibernate.tool.hbm2ddl.TableMetadata] (localhost-startStop-1:) HHH000108: Foreign keys: []
2015-08-29 01:10:56,533 INFO  [org.hibernate.tool.hbm2ddl.TableMetadata] (localhost-startStop-1:) HHH000126: Indexes: [primary]
2015-08-29 01:10:56,534 INFO  [org.hibernate.tool.hbm2ddl.SchemaUpdate] (localhost-startStop-1:) HHH000232: Schema update complete
2015-08-29 01:10:58,021 INFO  [org.apache.camel.spring.SpringCamelContext] (localhost-startStop-1:) Apache Camel 2.15.2 (CamelContext: camel-1) is starting
2015-08-29 01:10:58,022 INFO  [org.apache.camel.management.ManagedManagementStrategy] (localhost-startStop-1:) JMX is enabled
2015-08-29 01:10:58,111 INFO  [org.apache.camel.impl.converter.DefaultTypeConverter] (localhost-startStop-1:) Loaded 186 type converters
2015-08-29 01:10:58,189 INFO  [org.apache.camel.spring.SpringCamelContext] (localhost-startStop-1:) AllowUseOriginalMessage is enabled. If access to the original message is not needed, then its recommended to turn this option off as it may improve performance.
2015-08-29 01:10:58,189 INFO  [org.apache.camel.spring.SpringCamelContext] (localhost-startStop-1:) StreamCaching is not in use. If using streams then its recommended to enable stream caching. See more details at http://camel.apache.org/stream-caching.html
2015-08-29 01:10:58,226 INFO  [org.apache.camel.component.jackson.JacksonDataFormat] (localhost-startStop-1:) Registering module: com.fasterxml.jackson.module.jaxb.JaxbAnnotationModule@43a205cc
2015-08-29 01:10:58,428 INFO  [org.apache.camel.spring.SpringCamelContext] (localhost-startStop-1:) Route: route1 started and consuming from: Endpoint[activemq://queue:Q_PROCESSOR_TO_EMAILCHANNEL]
2015-08-29 01:10:58,428 INFO  [org.apache.camel.spring.SpringCamelContext] (localhost-startStop-1:) Total 1 routes, of which 1 is started.
2015-08-29 01:10:58,430 INFO  [org.apache.camel.spring.SpringCamelContext] (localhost-startStop-1:) Apache Camel 2.15.2 (CamelContext: camel-1) started in 0.408 seconds
2015-08-29 01:10:58,436 INFO  [org.springframework.web.context.ContextLoader] (localhost-startStop-1:) Root WebApplicationContext: initialization completed in 4358 ms
2015-08-29 01:11:31,286 ERROR [com.equivi.channel.tracker.CampaignTrackerServiceImpl] (Camel (camel-1) thread #0 - JmsConsumer[Q_PROCESSOR_TO_EMAILCHANNEL]:) Creating campaign tracker:<20150828171127.27307.52402@sandbox80dd6c12cf4c4f99bdfa256bfea7cfeb.mailgun.org> 65
2015-08-29 01:11:36,636 ERROR [com.equivi.channel.tracker.CampaignTrackerServiceImpl] (Camel (camel-1) thread #0 - JmsConsumer[Q_PROCESSOR_TO_EMAILCHANNEL]:) Creating campaign tracker:<20150828171136.22336.1377@sandbox80dd6c12cf4c4f99bdfa256bfea7cfeb.mailgun.org> 65
2015-08-29 01:11:36,966 ERROR [com.equivi.channel.tracker.CampaignTrackerServiceImpl] (Camel (camel-1) thread #0 - JmsConsumer[Q_PROCESSOR_TO_EMAILCHANNEL]:) Creating campaign tracker:<20150828171136.21433.71352@sandbox80dd6c12cf4c4f99bdfa256bfea7cfeb.mailgun.org> 65
2015-08-29 01:11:37,288 ERROR [com.equivi.channel.tracker.CampaignTrackerServiceImpl] (Camel (camel-1) thread #0 - JmsConsumer[Q_PROCESSOR_TO_EMAILCHANNEL]:) Creating campaign tracker:<20150828171137.12133.39582@sandbox80dd6c12cf4c4f99bdfa256bfea7cfeb.mailgun.org> 65
2015-08-29 01:11:37,610 ERROR [com.equivi.channel.tracker.CampaignTrackerServiceImpl] (Camel (camel-1) thread #0 - JmsConsumer[Q_PROCESSOR_TO_EMAILCHANNEL]:) Creating campaign tracker:<20150828171137.22340.78420@sandbox80dd6c12cf4c4f99bdfa256bfea7cfeb.mailgun.org> 65
2015-08-29 01:11:38,004 ERROR [com.equivi.channel.tracker.CampaignTrackerServiceImpl] (Camel (camel-1) thread #0 - JmsConsumer[Q_PROCESSOR_TO_EMAILCHANNEL]:) Creating campaign tracker:<20150828171137.27305.86605@sandbox80dd6c12cf4c4f99bdfa256bfea7cfeb.mailgun.org> 65
2015-08-29 01:15:22,511 INFO  [org.springframework.web.context.ContextLoader] (localhost-startStop-1:) Root WebApplicationContext: initialization started
2015-08-29 01:15:22,572 INFO  [org.springframework.web.context.support.XmlWebApplicationContext] (localhost-startStop-1:) Refreshing Root WebApplicationContext: startup date [Sat Aug 29 01:15:22 SGT 2015]; root of context hierarchy
2015-08-29 01:15:22,600 INFO  [org.springframework.beans.factory.xml.XmlBeanDefinitionReader] (localhost-startStop-1:) Loading XML bean definitions from class path resource [META-INF/mailsy-delivery-channel.xml]
2015-08-29 01:15:22,806 INFO  [org.springframework.beans.factory.xml.XmlBeanDefinitionReader] (localhost-startStop-1:) Loading XML bean definitions from class path resource [META-INF/mailsy-web-data-access.xml]
2015-08-29 01:15:23,760 INFO  [org.springframework.beans.factory.config.PropertyPlaceholderConfigurer] (localhost-startStop-1:) Loading properties file from URL [file:/opt/demailer/conf/demailer_web_db.properties]
2015-08-29 01:15:23,760 INFO  [org.springframework.beans.factory.config.PropertyPlaceholderConfigurer] (localhost-startStop-1:) Loading properties file from URL [file:/opt/demailer/conf/email_setup.properties]
2015-08-29 01:15:23,768 INFO  [org.springframework.beans.factory.annotation.AutowiredAnnotationBeanPostProcessor] (localhost-startStop-1:) JSR-330 'javax.inject.Inject' annotation found and supported for autowiring
2015-08-29 01:15:23,808 INFO  [org.springframework.jdbc.datasource.DriverManagerDataSource] (localhost-startStop-1:) Loaded JDBC driver: com.mysql.jdbc.Driver
2015-08-29 01:15:23,855 INFO  [org.springframework.orm.jpa.LocalContainerEntityManagerFactoryBean] (localhost-startStop-1:) Building JPA container EntityManagerFactory for persistence unit 'default'
2015-08-29 01:15:23,876 INFO  [org.hibernate.jpa.internal.util.LogHelper] (localhost-startStop-1:) HHH000204: Processing PersistenceUnitInfo [
	name: default
	...]
2015-08-29 01:15:23,950 INFO  [org.hibernate.Version] (localhost-startStop-1:) HHH000412: Hibernate Core {4.3.10.Final}
2015-08-29 01:15:23,952 INFO  [org.hibernate.cfg.Environment] (localhost-startStop-1:) HHH000206: hibernate.properties not found
2015-08-29 01:15:23,953 INFO  [org.hibernate.cfg.Environment] (localhost-startStop-1:) HHH000021: Bytecode provider name : javassist
2015-08-29 01:15:24,128 INFO  [org.hibernate.annotations.common.Version] (localhost-startStop-1:) HCANN000001: Hibernate Commons Annotations {4.0.5.Final}
2015-08-29 01:15:24,331 INFO  [org.hibernate.dialect.Dialect] (localhost-startStop-1:) HHH000400: Using dialect: org.hibernate.dialect.MySQLDialect
2015-08-29 01:15:24,513 INFO  [org.hibernate.hql.internal.ast.ASTQueryTranslatorFactory] (localhost-startStop-1:) HHH000397: Using ASTQueryTranslatorFactory
2015-08-29 01:15:24,548 INFO  [org.hibernate.validator.util.Version] (localhost-startStop-1:) Hibernate Validator 4.2.0.Final
2015-08-29 01:15:24,892 INFO  [org.hibernate.tool.hbm2ddl.SchemaUpdate] (localhost-startStop-1:) HHH000228: Running hbm2ddl schema update
2015-08-29 01:15:24,892 INFO  [org.hibernate.tool.hbm2ddl.SchemaUpdate] (localhost-startStop-1:) HHH000102: Fetching database metadata
2015-08-29 01:15:24,897 INFO  [org.hibernate.tool.hbm2ddl.SchemaUpdate] (localhost-startStop-1:) HHH000396: Updating schema
2015-08-29 01:15:24,914 INFO  [org.hibernate.tool.hbm2ddl.TableMetadata] (localhost-startStop-1:) HHH000261: Table found: mailsy_db.cm01_campaign
2015-08-29 01:15:24,914 INFO  [org.hibernate.tool.hbm2ddl.TableMetadata] (localhost-startStop-1:) HHH000037: Columns: [created_by, id, last_updated_by, last_updated_date_time, scheduled_send_date, campaign_name, email_content, email_subject, campaign_status, created_date_time, campaign_uuid, email_from, version]
2015-08-29 01:15:24,914 INFO  [org.hibernate.tool.hbm2ddl.TableMetadata] (localhost-startStop-1:) HHH000108: Foreign keys: []
2015-08-29 01:15:24,914 INFO  [org.hibernate.tool.hbm2ddl.TableMetadata] (localhost-startStop-1:) HHH000126: Indexes: [primary]
2015-08-29 01:15:24,922 INFO  [org.hibernate.tool.hbm2ddl.TableMetadata] (localhost-startStop-1:) HHH000261: Table found: mailsy_db.cm02_campaign_tracker
2015-08-29 01:15:24,922 INFO  [org.hibernate.tool.hbm2ddl.TableMetadata] (localhost-startStop-1:) HHH000037: Columns: [client_os, campaign_mailer_message_id, last_updated_date_time, open_date, client_user_agent, clicked_date, clicked, recipient, geo_location_city, client_device_type, version, id, last_updated_by, unsubscribed, bounced_date, client_device_name, client_type, geo_location_region, created_date_time, deliver_date, unsubscribed_date, opened, created_by, geo_location_country, delivered, campaign_id, bounced]
2015-08-29 01:15:24,922 INFO  [org.hibernate.tool.hbm2ddl.TableMetadata] (localhost-startStop-1:) HHH000108: Foreign keys: []
2015-08-29 01:15:24,922 INFO  [org.hibernate.tool.hbm2ddl.TableMetadata] (localhost-startStop-1:) HHH000126: Indexes: [primary]
2015-08-29 01:15:24,928 INFO  [org.hibernate.tool.hbm2ddl.TableMetadata] (localhost-startStop-1:) HHH000261: Table found: mailsy_db.cm03_campaign_subscriber_group
2015-08-29 01:15:24,928 INFO  [org.hibernate.tool.hbm2ddl.TableMetadata] (localhost-startStop-1:) HHH000037: Columns: [created_by, id, last_updated_by, last_updated_date_time, subscriber_group_id, created_date_time, campaign_id, version]
2015-08-29 01:15:24,928 INFO  [org.hibernate.tool.hbm2ddl.TableMetadata] (localhost-startStop-1:) HHH000108: Foreign keys: [fk_1nsovnhhedcvap0w38qy1889l, fk_hfwu5l6tt6rwahhquam8lpsx5]
2015-08-29 01:15:24,928 INFO  [org.hibernate.tool.hbm2ddl.TableMetadata] (localhost-startStop-1:) HHH000126: Indexes: [fk_1nsovnhhedcvap0w38qy1889l, primary, fk_hfwu5l6tt6rwahhquam8lpsx5]
2015-08-29 01:15:24,933 INFO  [org.hibernate.tool.hbm2ddl.TableMetadata] (localhost-startStop-1:) HHH000261: Table found: mailsy_db.config01_system_state
2015-08-29 01:15:24,933 INFO  [org.hibernate.tool.hbm2ddl.TableMetadata] (localhost-startStop-1:) HHH000037: Columns: [created_by, id, state_value, last_updated_by, last_updated_date_time, created_date_time, state_name, version]
2015-08-29 01:15:24,933 INFO  [org.hibernate.tool.hbm2ddl.TableMetadata] (localhost-startStop-1:) HHH000108: Foreign keys: []
2015-08-29 01:15:24,933 INFO  [org.hibernate.tool.hbm2ddl.TableMetadata] (localhost-startStop-1:) HHH000126: Indexes: [primary]
2015-08-29 01:15:24,938 INFO  [org.hibernate.tool.hbm2ddl.TableMetadata] (localhost-startStop-1:) HHH000261: Table found: mailsy_db.q01_quota
2015-08-29 01:15:24,938 INFO  [org.hibernate.tool.hbm2ddl.TableMetadata] (localhost-startStop-1:) HHH000037: Columns: [created_by, id, last_updated_by, current_emails_sent, last_updated_date_time, email_sending_quota, current_emails_verified, created_date_time, email_verify_quota, version]
2015-08-29 01:15:24,938 INFO  [org.hibernate.tool.hbm2ddl.TableMetadata] (localhost-startStop-1:) HHH000108: Foreign keys: []
2015-08-29 01:15:24,938 INFO  [org.hibernate.tool.hbm2ddl.TableMetadata] (localhost-startStop-1:) HHH000126: Indexes: [primary]
2015-08-29 01:15:24,943 INFO  [org.hibernate.tool.hbm2ddl.TableMetadata] (localhost-startStop-1:) HHH000261: Table found: mailsy_db.qcm01_campaign_queue_mailer
2015-08-29 01:15:24,943 INFO  [org.hibernate.tool.hbm2ddl.TableMetadata] (localhost-startStop-1:) HHH000037: Columns: [created_by, last_updated_date_time, subject, campaign_id, mail_delivery_status, recipient, version, queue_processed, id, content, last_updated_by, scheduled_send_date, created_date_time, email_from]
2015-08-29 01:15:24,943 INFO  [org.hibernate.tool.hbm2ddl.TableMetadata] (localhost-startStop-1:) HHH000108: Foreign keys: []
2015-08-29 01:15:24,943 INFO  [org.hibernate.tool.hbm2ddl.TableMetadata] (localhost-startStop-1:) HHH000126: Indexes: [primary]
2015-08-29 01:15:24,948 INFO  [org.hibernate.tool.hbm2ddl.TableMetadata] (localhost-startStop-1:) HHH000261: Table found: mailsy_db.t01_tracker
2015-08-29 01:15:24,948 INFO  [org.hibernate.tool.hbm2ddl.TableMetadata] (localhost-startStop-1:) HHH000037: Columns: [created_by, id, email_verifier_counter, last_updated_by, last_updated_date_time, created_date_time, email_send_counter, version]
2015-08-29 01:15:24,948 INFO  [org.hibernate.tool.hbm2ddl.TableMetadata] (localhost-startStop-1:) HHH000108: Foreign keys: []
2015-08-29 01:15:24,948 INFO  [org.hibernate.tool.hbm2ddl.TableMetadata] (localhost-startStop-1:) HHH000126: Indexes: [primary]
2015-08-29 01:15:24,952 INFO  [org.hibernate.tool.hbm2ddl.TableMetadata] (localhost-startStop-1:) HHH000261: Table found: mailsy_db.ts01_subscriber_group
2015-08-29 01:15:24,952 INFO  [org.hibernate.tool.hbm2ddl.TableMetadata] (localhost-startStop-1:) HHH000037: Columns: [created_by, group_name, id, last_updated_by, last_updated_date_time, status, created_date_time, version]
2015-08-29 01:15:24,952 INFO  [org.hibernate.tool.hbm2ddl.TableMetadata] (localhost-startStop-1:) HHH000108: Foreign keys: []
2015-08-29 01:15:24,952 INFO  [org.hibernate.tool.hbm2ddl.TableMetadata] (localhost-startStop-1:) HHH000126: Indexes: [primary]
2015-08-29 01:15:24,958 INFO  [org.hibernate.tool.hbm2ddl.TableMetadata] (localhost-startStop-1:) HHH000261: Table found: mailsy_db.ts02_subscriber
2015-08-29 01:15:24,959 INFO  [org.hibernate.tool.hbm2ddl.TableMetadata] (localhost-startStop-1:) HHH000037: Columns: [created_by, facebook_account, phone, zip_code, last_updated_date_time, address1, subscriber_status, address2, address3, country, city, version, id, first_name, last_updated_by, company_name, last_name, domain_name, created_date_time, path_account, twitter_account, email_address]
2015-08-29 01:15:24,959 INFO  [org.hibernate.tool.hbm2ddl.TableMetadata] (localhost-startStop-1:) HHH000108: Foreign keys: []
2015-08-29 01:15:24,959 INFO  [org.hibernate.tool.hbm2ddl.TableMetadata] (localhost-startStop-1:) HHH000126: Indexes: [primary]
2015-08-29 01:15:24,964 INFO  [org.hibernate.tool.hbm2ddl.TableMetadata] (localhost-startStop-1:) HHH000261: Table found: mailsy_db.ts03_subscriber_contact
2015-08-29 01:15:24,964 INFO  [org.hibernate.tool.hbm2ddl.TableMetadata] (localhost-startStop-1:) HHH000037: Columns: [created_by, subscribe_id, id, last_updated_by, last_updated_date_time, subscribe_group_id, created_date_time, version]
2015-08-29 01:15:24,964 INFO  [org.hibernate.tool.hbm2ddl.TableMetadata] (localhost-startStop-1:) HHH000108: Foreign keys: [fk_o6nbabiatb9hv9r3efkruooe, fk_awnbe4burti6pqjtrsm68gb]
2015-08-29 01:15:24,964 INFO  [org.hibernate.tool.hbm2ddl.TableMetadata] (localhost-startStop-1:) HHH000126: Indexes: [primary, fk_o6nbabiatb9hv9r3efkruooe, fk_awnbe4burti6pqjtrsm68gb]
2015-08-29 01:15:24,969 INFO  [org.hibernate.tool.hbm2ddl.TableMetadata] (localhost-startStop-1:) HHH000261: Table found: mailsy_db.usr01_user
2015-08-29 01:15:24,970 INFO  [org.hibernate.tool.hbm2ddl.TableMetadata] (localhost-startStop-1:) HHH000037: Columns: [created_by, failed_login_counter, last_updated_date_time, reset_password_required, user_status, password, version, id, user_name, first_name, last_updated_by, user_role, phone_no, last_name, created_date_time]
2015-08-29 01:15:24,970 INFO  [org.hibernate.tool.hbm2ddl.TableMetadata] (localhost-startStop-1:) HHH000108: Foreign keys: []
2015-08-29 01:15:24,970 INFO  [org.hibernate.tool.hbm2ddl.TableMetadata] (localhost-startStop-1:) HHH000126: Indexes: [primary]
2015-08-29 01:15:24,971 INFO  [org.hibernate.tool.hbm2ddl.SchemaUpdate] (localhost-startStop-1:) HHH000232: Schema update complete
2015-08-29 01:15:26,510 INFO  [org.apache.camel.spring.SpringCamelContext] (localhost-startStop-1:) Apache Camel 2.15.2 (CamelContext: camel-1) is starting
2015-08-29 01:15:26,511 INFO  [org.apache.camel.management.ManagedManagementStrategy] (localhost-startStop-1:) JMX is enabled
2015-08-29 01:15:26,600 INFO  [org.apache.camel.impl.converter.DefaultTypeConverter] (localhost-startStop-1:) Loaded 186 type converters
2015-08-29 01:15:26,676 INFO  [org.apache.camel.spring.SpringCamelContext] (localhost-startStop-1:) AllowUseOriginalMessage is enabled. If access to the original message is not needed, then its recommended to turn this option off as it may improve performance.
2015-08-29 01:15:26,676 INFO  [org.apache.camel.spring.SpringCamelContext] (localhost-startStop-1:) StreamCaching is not in use. If using streams then its recommended to enable stream caching. See more details at http://camel.apache.org/stream-caching.html
2015-08-29 01:15:26,712 INFO  [org.apache.camel.component.jackson.JacksonDataFormat] (localhost-startStop-1:) Registering module: com.fasterxml.jackson.module.jaxb.JaxbAnnotationModule@432da84d
2015-08-29 01:15:26,909 INFO  [org.apache.camel.spring.SpringCamelContext] (localhost-startStop-1:) Route: route1 started and consuming from: Endpoint[activemq://queue:Q_PROCESSOR_TO_EMAILCHANNEL]
2015-08-29 01:15:26,909 INFO  [org.apache.camel.spring.SpringCamelContext] (localhost-startStop-1:) Total 1 routes, of which 1 is started.
2015-08-29 01:15:26,911 INFO  [org.apache.camel.spring.SpringCamelContext] (localhost-startStop-1:) Apache Camel 2.15.2 (CamelContext: camel-1) started in 0.400 seconds
2015-08-29 01:15:26,916 INFO  [org.springframework.web.context.ContextLoader] (localhost-startStop-1:) Root WebApplicationContext: initialization completed in 4404 ms
2015-08-29 01:21:13,320 INFO  [com.equivi.channel.tracker.CampaignTrackerServiceImpl] (Camel (camel-1) thread #0 - JmsConsumer[Q_PROCESSOR_TO_EMAILCHANNEL]:) Creating campaign tracker:<20150828172113.79923.96240@sandbox80dd6c12cf4c4f99bdfa256bfea7cfeb.mailgun.org> 67
2015-08-29 01:21:13,775 INFO  [com.equivi.channel.tracker.CampaignTrackerServiceImpl] (Camel (camel-1) thread #0 - JmsConsumer[Q_PROCESSOR_TO_EMAILCHANNEL]:) Creating campaign tracker:<20150828172113.76187.711@sandbox80dd6c12cf4c4f99bdfa256bfea7cfeb.mailgun.org> 67
2015-08-29 01:21:14,121 INFO  [com.equivi.channel.tracker.CampaignTrackerServiceImpl] (Camel (camel-1) thread #0 - JmsConsumer[Q_PROCESSOR_TO_EMAILCHANNEL]:) Creating campaign tracker:<20150828172113.67640.19573@sandbox80dd6c12cf4c4f99bdfa256bfea7cfeb.mailgun.org> 67
2015-08-29 01:21:14,465 INFO  [com.equivi.channel.tracker.CampaignTrackerServiceImpl] (Camel (camel-1) thread #0 - JmsConsumer[Q_PROCESSOR_TO_EMAILCHANNEL]:) Creating campaign tracker:<20150828172114.76209.6724@sandbox80dd6c12cf4c4f99bdfa256bfea7cfeb.mailgun.org> 67
2015-08-29 01:21:14,805 INFO  [com.equivi.channel.tracker.CampaignTrackerServiceImpl] (Camel (camel-1) thread #0 - JmsConsumer[Q_PROCESSOR_TO_EMAILCHANNEL]:) Creating campaign tracker:<20150828172114.19644.83502@sandbox80dd6c12cf4c4f99bdfa256bfea7cfeb.mailgun.org> 67
2015-08-29 01:21:15,134 INFO  [com.equivi.channel.tracker.CampaignTrackerServiceImpl] (Camel (camel-1) thread #0 - JmsConsumer[Q_PROCESSOR_TO_EMAILCHANNEL]:) Creating campaign tracker:<20150828172114.67895.50068@sandbox80dd6c12cf4c4f99bdfa256bfea7cfeb.mailgun.org> 67
2015-08-29 01:21:15,465 INFO  [com.equivi.channel.tracker.CampaignTrackerServiceImpl] (Camel (camel-1) thread #0 - JmsConsumer[Q_PROCESSOR_TO_EMAILCHANNEL]:) Creating campaign tracker:<20150828172115.76183.28530@sandbox80dd6c12cf4c4f99bdfa256bfea7cfeb.mailgun.org> 67
2015-08-29 01:21:15,810 INFO  [com.equivi.channel.tracker.CampaignTrackerServiceImpl] (Camel (camel-1) thread #0 - JmsConsumer[Q_PROCESSOR_TO_EMAILCHANNEL]:) Creating campaign tracker:<20150828172115.19640.61319@sandbox80dd6c12cf4c4f99bdfa256bfea7cfeb.mailgun.org> 67
2015-08-29 01:21:16,146 INFO  [com.equivi.channel.tracker.CampaignTrackerServiceImpl] (Camel (camel-1) thread #0 - JmsConsumer[Q_PROCESSOR_TO_EMAILCHANNEL]:) Creating campaign tracker:<20150828172115.29055.47654@sandbox80dd6c12cf4c4f99bdfa256bfea7cfeb.mailgun.org> 67
2015-08-29 01:23:41,654 INFO  [com.equivi.channel.tracker.CampaignTrackerServiceImpl] (Camel (camel-1) thread #0 - JmsConsumer[Q_PROCESSOR_TO_EMAILCHANNEL]:) Creating campaign tracker:<20150828172341.76203.9073@sandbox80dd6c12cf4c4f99bdfa256bfea7cfeb.mailgun.org> 68
2015-08-29 01:23:42,010 INFO  [com.equivi.channel.tracker.CampaignTrackerServiceImpl] (Camel (camel-1) thread #0 - JmsConsumer[Q_PROCESSOR_TO_EMAILCHANNEL]:) Creating campaign tracker:<20150828172341.19634.57148@sandbox80dd6c12cf4c4f99bdfa256bfea7cfeb.mailgun.org> 68
2015-08-29 01:23:42,345 INFO  [com.equivi.channel.tracker.CampaignTrackerServiceImpl] (Camel (camel-1) thread #0 - JmsConsumer[Q_PROCESSOR_TO_EMAILCHANNEL]:) Creating campaign tracker:<20150828172342.76193.54553@sandbox80dd6c12cf4c4f99bdfa256bfea7cfeb.mailgun.org> 68
2015-08-29 01:23:42,677 INFO  [com.equivi.channel.tracker.CampaignTrackerServiceImpl] (Camel (camel-1) thread #0 - JmsConsumer[Q_PROCESSOR_TO_EMAILCHANNEL]:) Creating campaign tracker:<20150828172342.79921.99304@sandbox80dd6c12cf4c4f99bdfa256bfea7cfeb.mailgun.org> 68
2015-08-29 01:23:43,010 INFO  [com.equivi.channel.tracker.CampaignTrackerServiceImpl] (Camel (camel-1) thread #0 - JmsConsumer[Q_PROCESSOR_TO_EMAILCHANNEL]:) Creating campaign tracker:<20150828172342.29071.94466@sandbox80dd6c12cf4c4f99bdfa256bfea7cfeb.mailgun.org> 68
2015-08-29 01:23:43,348 INFO  [com.equivi.channel.tracker.CampaignTrackerServiceImpl] (Camel (camel-1) thread #0 - JmsConsumer[Q_PROCESSOR_TO_EMAILCHANNEL]:) Creating campaign tracker:<20150828172343.29047.79840@sandbox80dd6c12cf4c4f99bdfa256bfea7cfeb.mailgun.org> 68
2015-08-29 01:29:53,764 INFO  [com.equivi.channel.tracker.CampaignTrackerServiceImpl] (Camel (camel-1) thread #0 - JmsConsumer[Q_PROCESSOR_TO_EMAILCHANNEL]:) Creating campaign tracker:<20150828172953.79915.30644@sandbox80dd6c12cf4c4f99bdfa256bfea7cfeb.mailgun.org> 64
2015-08-29 01:29:54,088 INFO  [com.equivi.channel.tracker.CampaignTrackerServiceImpl] (Camel (camel-1) thread #0 - JmsConsumer[Q_PROCESSOR_TO_EMAILCHANNEL]:) Creating campaign tracker:<20150828172953.79931.28804@sandbox80dd6c12cf4c4f99bdfa256bfea7cfeb.mailgun.org> 64
2015-08-29 01:29:54,419 INFO  [com.equivi.channel.tracker.CampaignTrackerServiceImpl] (Camel (camel-1) thread #0 - JmsConsumer[Q_PROCESSOR_TO_EMAILCHANNEL]:) Creating campaign tracker:<20150828172954.29043.69133@sandbox80dd6c12cf4c4f99bdfa256bfea7cfeb.mailgun.org> 64
